<?xml version="1.0" encoding="utf-8"?><testsuites name="pytest tests"><testsuite name="pytest" errors="0" failures="0" skipped="0" tests="10" time="5.174" timestamp="2026-04-28T20:21:36.198333+00:00" hostname="agent-env-70b2024d-630c-4fcf-9fb6-1d4270be093a"><testcase classname="backend.tests.test_ar360_variants" name="test_compression_sleeve_has_4_variants" time="0.289" /><testcase classname="backend.tests.test_ar360_variants" name="test_create_product_with_variants_derives_price_stock" time="1.023" /><testcase classname="backend.tests.test_ar360_variants" name="test_update_variant_price_persists" time="0.854" /><testcase classname="backend.tests.test_ar360_variants" name="test_clear_variants_sets_hasVariants_false" time="0.680" /><testcase classname="backend.tests.test_ar360_variants" name="test_single_variant_hasVariants_false" time="0.782" /><testcase classname="backend.tests.test_ar360_variants" name="test_upload_image_admin_png" time="0.302" /><testcase classname="backend.tests.test_ar360_variants" name="test_upload_image_unsupported_type" time="0.139" /><testcase classname="backend.tests.test_ar360_variants" name="test_upload_image_unauthenticated" time="0.153" /><testcase classname="backend.tests.test_ar360_variants" name="test_regression_plain_product_crud" time="0.706" /><testcase classname="backend.tests.test_ar360_variants" name="test_regression_guest_cart" time="0.177" /></testsuite></testsuites>