<?xml version="1.0" encoding="utf-8"?><testsuites name="pytest tests"><testsuite name="pytest" errors="0" failures="0" skipped="0" tests="18" time="4.295" timestamp="2026-04-29T20:32:44.210495+00:00" hostname="agent-env-70b2024d-630c-4fcf-9fb6-1d4270be093a"><testcase classname="backend.tests.test_hcp_storefront.TestPublicStorefront" name="test_public_slug_returns_profile_and_products" time="0.165" /><testcase classname="backend.tests.test_hcp_storefront.TestPublicStorefront" name="test_unknown_slug_returns_404" time="0.140" /><testcase classname="backend.tests.test_hcp_storefront.TestHcpMeStorefront" name="test_get_me_storefront" time="0.382" /><testcase classname="backend.tests.test_hcp_storefront.TestHcpMeStorefront" name="test_put_me_welcome_message_persists" time="0.327" /><testcase classname="backend.tests.test_hcp_storefront.TestHcpMeStorefront" name="test_put_me_cannot_set_commission_percent" time="0.739" /><testcase classname="backend.tests.test_hcp_storefront.TestHcpMeStorefront" name="test_put_me_slug_invalid_returns_400" time="0.192" /><testcase classname="backend.tests.test_hcp_storefront.TestHcpMeStorefront" name="test_me_endpoint_requires_auth" time="0.118" /><testcase classname="backend.tests.test_hcp_storefront.TestAdminStorefront" name="test_admin_get_storefront" time="0.138" /><testcase classname="backend.tests.test_hcp_storefront.TestAdminStorefront" name="test_admin_set_commission_percent" time="0.135" /><testcase classname="backend.tests.test_hcp_storefront.TestAdminStorefront" name="test_admin_commission_out_of_range" time="0.171" /><testcase classname="backend.tests.test_hcp_storefront.TestAdminStorefront" name="test_admin_route_requires_admin" time="0.154" /><testcase classname="backend.tests.test_hcp_storefront.TestUploads" name="test_upload_wrong_mime_returns_400" time="0.137" /><testcase classname="backend.tests.test_hcp_storefront.TestUploads" name="test_upload_requires_auth" time="0.165" /><testcase classname="backend.tests.test_hcp_storefront.TestOrderAttribution" name="test_order_with_hcp_referral_slug_snapshots_commission" time="0.414" /><testcase classname="backend.tests.test_hcp_storefront.TestOrderAttribution" name="test_order_without_referral_has_no_commission" time="0.202" /><testcase classname="backend.tests.test_hcp_storefront.TestOrderAttribution" name="test_order_with_unknown_slug_no_attribution" time="0.176" /><testcase classname="backend.tests.test_hcp_storefront.TestRegressions" name="test_products_count_39" time="0.226" /><testcase classname="backend.tests.test_hcp_storefront.TestRegressions" name="test_admin_login_still_works" time="0.256" /></testsuite></testsuites>