<?xml version="1.0" encoding="utf-8"?><testsuites name="pytest tests"><testsuite name="pytest" errors="0" failures="3" skipped="0" tests="22" time="6.124" timestamp="2026-04-29T19:30:01.450639+00:00" hostname="agent-env-70b2024d-630c-4fcf-9fb6-1d4270be093a"><testcase classname="backend.tests.test_ar360_discount_codes.TestValidateEndpoint" name="test_validate_valid_code" time="0.788" /><testcase classname="backend.tests.test_ar360_discount_codes.TestValidateEndpoint" name="test_validate_invalid_returns_404" time="0.078" /><testcase classname="backend.tests.test_ar360_discount_codes.TestValidateEndpoint" name="test_validate_inactive_returns_400" time="0.217" /><testcase classname="backend.tests.test_ar360_discount_codes.TestValidateEndpoint" name="test_validate_expired_returns_400" time="0.244" /><testcase classname="backend.tests.test_ar360_discount_codes.TestValidateEndpoint" name="test_validate_expired_with_Z_suffix_returns_400" time="0.257" /><testcase classname="backend.tests.test_ar360_discount_codes.TestValidateEndpoint" name="test_validate_expired_without_Z_suffix_returns_400" time="0.238" /><testcase classname="backend.tests.test_ar360_discount_codes.TestValidateEndpoint" name="test_create_rejects_invalid_expires_at" time="0.063" /><testcase classname="backend.tests.test_ar360_discount_codes.TestValidateEndpoint" name="test_validate_usage_limit_returns_400" time="0.318" /><testcase classname="backend.tests.test_ar360_discount_codes.TestOrderWithDiscount" name="test_percentage_discount_reduces_total" time="0.423" /><testcase classname="backend.tests.test_ar360_discount_codes.TestOrderWithDiscount" name="test_fixed_discount_reduces_total" time="0.231" /><testcase classname="backend.tests.test_ar360_discount_codes.TestOrderWithDiscount" name="test_order_with_usage_limit_reached_returns_400" time="0.334" /><testcase classname="backend.tests.test_ar360_discount_codes.TestOrderWithDiscount" name="test_order_with_invalid_code_returns_400" time="0.070" /><testcase classname="backend.tests.test_ar360_discount_codes.TestOrderWithDiscount" name="test_order_with_expired_code_returns_400" time="0.269" /><testcase classname="backend.tests.test_ar360_discount_codes.TestOrderWithDiscount" name="test_order_expired_code_does_not_increment_used_count" time="0.387" /><testcase classname="backend.tests.test_ar360_discount_codes.TestOrderWithDiscount" name="test_used_count_increments_only_after_successful_insert" time="0.437" /><testcase classname="backend.tests.test_ar360_discount_codes.TestRegression" name="test_order_without_discount" time="0.110" /><testcase classname="backend.tests.test_ar360_discount_codes.TestRegression" name="test_products_count" time="0.097" /><testcase classname="backend.tests.test_ar360_discount_codes.TestRegression" name="test_admin_login" time="0.228" /><testcase classname="backend.tests.test_ar360_discount_codes.TestRegression" name="test_cart_endpoint_auth_required" time="0.100" /><testcase classname="backend.tests.test_ar360_discount_codes.TestPutNormalization" name="test_put_normalizes_expires_at_with_Z" time="0.301"><failure message="AssertionError: expected 400 after PUT with ISO-Z expiresAt, got 500: {&quot;message&quot;:&quot;Internal server error&quot;}&#10;assert 500 == 400&#10; +  where 500 = &lt;Response [500]&gt;.status_code">backend/tests/test_ar360_discount_codes.py:406: in test_put_normalizes_expires_at_with_Z
    assert r2.status_code == 400, (
E   AssertionError: expected 400 after PUT with ISO-Z expiresAt, got 500: {"message":"Internal server error"}
E   assert 500 == 400
E    +  where 500 = &lt;Response [500]&gt;.status_code</failure></testcase><testcase classname="backend.tests.test_ar360_discount_codes.TestPutNormalization" name="test_put_normalizes_expires_at_without_Z" time="0.310"><failure message="AssertionError: expected 400 after PUT with ISO (no Z) expiresAt, got 500: {&quot;message&quot;:&quot;Internal server error&quot;}&#10;assert 500 == 400&#10; +  where 500 = &lt;Response [500]&gt;.status_code">backend/tests/test_ar360_discount_codes.py:424: in test_put_normalizes_expires_at_without_Z
    assert r2.status_code == 400, (
E   AssertionError: expected 400 after PUT with ISO (no Z) expiresAt, got 500: {"message":"Internal server error"}
E   assert 500 == 400
E    +  where 500 = &lt;Response [500]&gt;.status_code</failure></testcase><testcase classname="backend.tests.test_ar360_discount_codes.TestPutNormalization" name="test_put_uppercases_code" time="0.314"><failure message="AssertionError: Expected upper-cased validation to succeed, got 404: {&quot;detail&quot;:&quot;Invalid discount code&quot;}&#10;assert 404 == 200&#10; +  where 404 = &lt;Response [404]&gt;.status_code">backend/tests/test_ar360_discount_codes.py:444: in test_put_uppercases_code
    assert r2.status_code == 200, (
E   AssertionError: Expected upper-cased validation to succeed, got 404: {"detail":"Invalid discount code"}
E   assert 404 == 200
E    +  where 404 = &lt;Response [404]&gt;.status_code</failure></testcase></testsuite></testsuites>