<?xml version="1.0" encoding="utf-8"?><testsuites name="pytest tests"><testsuite name="pytest" errors="0" failures="0" skipped="0" tests="10" time="5.904" timestamp="2026-09-10T15:15:27.349250+00:00" hostname="agent-env-70b2024d-630c-4fcf-9fb6-1d4270be093a"><testcase classname="backend.tests.test_normalize_order" name="test_normalize_requires_auth" time="0.421" /><testcase classname="backend.tests.test_normalize_order" name="test_normalize_rejects_non_admin" time="0.813" /><testcase classname="backend.tests.test_normalize_order" name="test_normalize_all_categories" time="0.395" /><testcase classname="backend.tests.test_normalize_order" name="test_normalize_specific_category_sequential_keys" time="0.489" /><testcase classname="backend.tests.test_normalize_order" name="test_normalize_with_place_last" time="0.404" /><testcase classname="backend.tests.test_normalize_order" name="test_place_last_without_category_returns_400" time="0.202" /><testcase classname="backend.tests.test_normalize_order" name="test_place_last_nonexistent_product_returns_404" time="0.175" /><testcase classname="backend.tests.test_normalize_order" name="test_idempotency_run2_equals_run3" time="0.824" /><testcase classname="backend.tests.test_normalize_order" name="test_get_products_sorted_by_category_order" time="0.452" /><testcase classname="backend.tests.test_normalize_order" name="test_move_endpoint_edge_and_swap" time="1.519" /></testsuite></testsuites>