<?xml version="1.0" encoding="utf-8"?><testsuites name="pytest tests"><testsuite name="pytest" errors="0" failures="1" skipped="0" tests="16" time="4.369" timestamp="2026-04-27T20:39:56.747234+00:00" hostname="agent-env-70b2024d-630c-4fcf-9fb6-1d4270be093a"><testcase classname="backend.tests.test_ar360_catalog.TestProductsCatalog" name="test_total_product_count" time="0.207" /><testcase classname="backend.tests.test_ar360_catalog.TestProductsCatalog" name="test_required_fields" time="0.000" /><testcase classname="backend.tests.test_ar360_catalog.TestProductsCatalog" name="test_no_mongo_objectid_leak" time="0.000" /><testcase classname="backend.tests.test_ar360_catalog.TestProductsCatalog" name="test_get_product_by_id" time="0.052" /><testcase classname="backend.tests.test_ar360_catalog.TestProductsCatalog" name="test_featured_at_least_three" time="0.094" /><testcase classname="backend.tests.test_ar360_catalog.TestVariantIntegrity" name="test_incrediwear_knee_25_variants" time="0.000" /><testcase classname="backend.tests.test_ar360_catalog.TestVariantIntegrity" name="test_hampton_2pack_10_variants" time="0.000" /><testcase classname="backend.tests.test_ar360_catalog.TestVariantIntegrity" name="test_hampton_clinic_roll_10_variants" time="0.000" /><testcase classname="backend.tests.test_ar360_catalog.TestVariantIntegrity" name="test_hot_cold_compression_4_size_variants" time="0.000" /><testcase classname="backend.tests.test_ar360_catalog.TestCategories" name="test_at_least_10_categories" time="0.116" /><testcase classname="backend.tests.test_ar360_catalog.TestVisibilityFilters" name="test_public_visibility_majority" time="0.095" /><testcase classname="backend.tests.test_ar360_catalog.TestVisibilityFilters" name="test_member_visibility_includes_cbd" time="0.103" /><testcase classname="backend.tests.test_ar360_catalog.TestVisibilityFilters" name="test_doctor_visibility_includes_specific" time="0.101" /><testcase classname="backend.tests.test_ar360_catalog.TestImageProxy" name="test_all_local_images_return_200_with_image_content_type" time="2.702" /><testcase classname="backend.tests.test_ar360_catalog.TestImageProxy" name="test_files_endpoint_404_for_missing" time="0.409" /><testcase classname="backend.tests.test_ar360_catalog.TestAdminLogin" name="test_admin_login_works" time="0.348"><failure message="AssertionError: assert None is True&#10; +  where None = &lt;built-in method get of dict object at 0xfb980bbd8f40&gt;('isAdmin')&#10; +    where &lt;built-in method get of dict object at 0xfb980bbd8f40&gt; = {'token': 'eyJhbGciOiJIUzI1NiIsInR5cCI6IkpXVCJ9.eyJzdWIiOiI2OWE3NGEwY2U1YjFiNmFiMTI2NTA2MTgiLCJleHAiOjE3Nzk5MTQ0MDF9.IdPe3oeEtRDnKil1EQE2zBzdyYifW4MIcf4JpWGIV2M', 'user': {'createdAt': '2026-03-03T20:52:28.761000', 'doctorBio': None, 'doctorSpecialty': None, 'doctorTitle': None, ...}}.get">backend/tests/test_ar360_catalog.py:146: in test_admin_login_works
    assert data.get("isAdmin") is True
E   AssertionError: assert None is True
E    +  where None = &lt;built-in method get of dict object at 0xfb980bbd8f40&gt;('isAdmin')
E    +    where &lt;built-in method get of dict object at 0xfb980bbd8f40&gt; = {'token': 'eyJhbGciOiJIUzI1NiIsInR5cCI6IkpXVCJ9.eyJzdWIiOiI2OWE3NGEwY2U1YjFiNmFiMTI2NTA2MTgiLCJleHAiOjE3Nzk5MTQ0MDF9.IdPe3oeEtRDnKil1EQE2zBzdyYifW4MIcf4JpWGIV2M', 'user': {'createdAt': '2026-03-03T20:52:28.761000', 'doctorBio': None, 'doctorSpecialty': None, 'doctorTitle': None, ...}}.get</failure></testcase></testsuite></testsuites>