<?xml version="1.0" encoding="utf-8"?><testsuites name="pytest tests"><testsuite name="pytest" errors="0" failures="2" skipped="0" tests="14" time="3.611" timestamp="2026-04-29T19:23:21.506715+00:00" hostname="agent-env-70b2024d-630c-4fcf-9fb6-1d4270be093a"><testcase classname="backend.tests.test_ar360_discount_codes.TestValidateEndpoint" name="test_validate_valid_code" time="0.588" /><testcase classname="backend.tests.test_ar360_discount_codes.TestValidateEndpoint" name="test_validate_invalid_returns_404" time="0.077" /><testcase classname="backend.tests.test_ar360_discount_codes.TestValidateEndpoint" name="test_validate_inactive_returns_400" time="0.247" /><testcase classname="backend.tests.test_ar360_discount_codes.TestValidateEndpoint" name="test_validate_expired_returns_400" time="0.356"><failure message="assert 500 == 400&#10; +  where 500 = &lt;Response [500]&gt;.status_code">E   assert 500 == 400
     +  where 500 = &lt;Response [500]&gt;.status_code</failure></testcase><testcase classname="backend.tests.test_ar360_discount_codes.TestValidateEndpoint" name="test_validate_usage_limit_returns_400" time="0.336" /><testcase classname="backend.tests.test_ar360_discount_codes.TestOrderWithDiscount" name="test_percentage_discount_reduces_total" time="0.422" /><testcase classname="backend.tests.test_ar360_discount_codes.TestOrderWithDiscount" name="test_fixed_discount_reduces_total" time="0.232" /><testcase classname="backend.tests.test_ar360_discount_codes.TestOrderWithDiscount" name="test_order_with_usage_limit_reached_returns_400" time="0.507" /><testcase classname="backend.tests.test_ar360_discount_codes.TestOrderWithDiscount" name="test_order_with_invalid_code_returns_400" time="0.099" /><testcase classname="backend.tests.test_ar360_discount_codes.TestOrderWithDiscount" name="test_order_with_expired_code_returns_400" time="0.268"><failure message="assert 500 == 400&#10; +  where 500 = &lt;Response [500]&gt;.status_code">E   assert 500 == 400
     +  where 500 = &lt;Response [500]&gt;.status_code</failure></testcase><testcase classname="backend.tests.test_ar360_discount_codes.TestRegression" name="test_order_without_discount" time="0.106" /><testcase classname="backend.tests.test_ar360_discount_codes.TestRegression" name="test_products_count" time="0.075" /><testcase classname="backend.tests.test_ar360_discount_codes.TestRegression" name="test_admin_login" time="0.155" /><testcase classname="backend.tests.test_ar360_discount_codes.TestRegression" name="test_cart_endpoint_auth_required" time="0.067" /></testsuite></testsuites>