<?xml version="1.0" encoding="utf-8"?><testsuites name="pytest tests"><testsuite name="pytest" errors="0" failures="0" skipped="0" tests="17" time="4.406" timestamp="2026-05-15T18:03:08.109354+00:00" hostname="agent-env-70b2024d-630c-4fcf-9fb6-1d4270be093a"><testcase classname="backend.tests.test_recovery_services.TestRecoveryServicesAdmin" name="test_admin_create_returns_id_and_fields" time="0.514" /><testcase classname="backend.tests.test_recovery_services.TestRecoveryServicesAdmin" name="test_admin_list_includes_created" time="0.153" /><testcase classname="backend.tests.test_recovery_services.TestRecoveryServicesAdmin" name="test_admin_update_changes_persist" time="0.275" /><testcase classname="backend.tests.test_recovery_services.TestRecoveryServicesAdmin" name="test_admin_publish_then_unpublish" time="0.320" /><testcase classname="backend.tests.test_recovery_services.TestRecoveryServicesAdmin" name="test_create_missing_name_returns_400" time="0.155" /><testcase classname="backend.tests.test_recovery_services.TestRecoveryServicesAdmin" name="test_create_missing_category_returns_400" time="0.173" /><testcase classname="backend.tests.test_recovery_services.TestRecoveryServicesAdmin" name="test_create_missing_locations_returns_400" time="0.178" /><testcase classname="backend.tests.test_recovery_services.TestRecoveryServicesAdmin" name="test_admin_list_requires_admin_auth" time="0.103" /><testcase classname="backend.tests.test_recovery_services.TestRecoveryServicesAdmin" name="test_admin_delete_returns_404_on_invalid_id" time="0.140" /><testcase classname="backend.tests.test_recovery_services.TestRecoveryServicesPublic" name="test_public_list_requires_auth" time="0.160" /><testcase classname="backend.tests.test_recovery_services.TestRecoveryServicesPublic" name="test_public_list_as_admin_returns_published_with_discount" time="0.408" /><testcase classname="backend.tests.test_recovery_services.TestRecoveryServicesPublic" name="test_public_get_by_id_published" time="0.709" /><testcase classname="backend.tests.test_recovery_services.TestRecoveryServicesPublic" name="test_public_get_invalid_id_returns_404" time="0.199" /><testcase classname="backend.tests.test_recovery_services.TestRegression" name="test_products_loads" time="0.170" /><testcase classname="backend.tests.test_recovery_services.TestRegression" name="test_admin_login_still_works" time="0.193" /><testcase classname="backend.tests.test_recovery_services.TestRegression" name="test_admin_hcp_list_loads" time="0.118" /><testcase classname="backend.tests.test_recovery_services.TestRegression" name="test_admin_discount_codes_loads" time="0.237" /></testsuite></testsuites>