<?xml version="1.0" encoding="utf-8"?><testsuites name="pytest tests"><testsuite name="pytest" errors="0" failures="0" skipped="0" tests="16" time="4.625" timestamp="2026-04-27T20:52:22.809140+00:00" hostname="agent-env-70b2024d-630c-4fcf-9fb6-1d4270be093a"><testcase classname="backend.tests.test_ar360_catalog.TestProductsCatalog" name="test_total_product_count" time="0.155" /><testcase classname="backend.tests.test_ar360_catalog.TestProductsCatalog" name="test_required_fields" time="0.000" /><testcase classname="backend.tests.test_ar360_catalog.TestProductsCatalog" name="test_no_mongo_objectid_leak" time="0.000" /><testcase classname="backend.tests.test_ar360_catalog.TestProductsCatalog" name="test_get_product_by_id" time="0.060" /><testcase classname="backend.tests.test_ar360_catalog.TestProductsCatalog" name="test_featured_at_least_three" time="0.053" /><testcase classname="backend.tests.test_ar360_catalog.TestVariantIntegrity" name="test_incrediwear_knee_25_variants" time="0.000" /><testcase classname="backend.tests.test_ar360_catalog.TestVariantIntegrity" name="test_hampton_2pack_10_variants" time="0.000" /><testcase classname="backend.tests.test_ar360_catalog.TestVariantIntegrity" name="test_hampton_clinic_roll_10_variants" time="0.000" /><testcase classname="backend.tests.test_ar360_catalog.TestVariantIntegrity" name="test_hot_cold_compression_4_size_variants" time="0.000" /><testcase classname="backend.tests.test_ar360_catalog.TestCategories" name="test_at_least_10_categories" time="0.057" /><testcase classname="backend.tests.test_ar360_catalog.TestVisibilityFilters" name="test_public_visibility_majority" time="0.068" /><testcase classname="backend.tests.test_ar360_catalog.TestVisibilityFilters" name="test_member_visibility_includes_cbd" time="0.068" /><testcase classname="backend.tests.test_ar360_catalog.TestVisibilityFilters" name="test_doctor_visibility_includes_specific" time="0.076" /><testcase classname="backend.tests.test_ar360_catalog.TestImageProxy" name="test_all_local_images_return_200_with_image_content_type" time="3.326" /><testcase classname="backend.tests.test_ar360_catalog.TestImageProxy" name="test_files_endpoint_404_for_missing" time="0.426" /><testcase classname="backend.tests.test_ar360_catalog.TestAdminLogin" name="test_admin_login_works" time="0.233" /></testsuite></testsuites>