<?xml version="1.0" encoding="utf-8"?><testsuites name="pytest tests"><testsuite name="pytest" errors="0" failures="0" skipped="0" tests="10" time="2.691" timestamp="2026-04-27T21:18:51.613133+00:00" hostname="agent-env-70b2024d-630c-4fcf-9fb6-1d4270be093a"><testcase classname="backend.tests.test_ar360_guest_cart.TestOrderFromClientCart" name="test_no_auth_rejected" time="0.424" /><testcase classname="backend.tests.test_ar360_guest_cart.TestOrderFromClientCart" name="test_non_member_rejected" time="0.831" /><testcase classname="backend.tests.test_ar360_guest_cart.TestOrderFromClientCart" name="test_member_create_order_no_variant" time="0.434" /><testcase classname="backend.tests.test_ar360_guest_cart.TestOrderFromClientCart" name="test_member_create_order_with_variant_pricing" time="0.054" /><testcase classname="backend.tests.test_ar360_guest_cart.TestOrderFromClientCart" name="test_member_create_order_multiple_items" time="0.050" /><testcase classname="backend.tests.test_ar360_guest_cart.TestOrderFromClientCart" name="test_member_empty_items_and_empty_cart_rejected" time="0.122" /><testcase classname="backend.tests.test_ar360_guest_cart.TestLegacyCartEndpoints" name="test_get_cart_reachable" time="0.049" /><testcase classname="backend.tests.test_ar360_guest_cart.TestRegression" name="test_products_count_39" time="0.000" /><testcase classname="backend.tests.test_ar360_guest_cart.TestRegression" name="test_image_proxy_200" time="0.347" /><testcase classname="backend.tests.test_ar360_guest_cart.TestRegression" name="test_admin_login" time="0.220" /></testsuite></testsuites>