<?xml version="1.0" encoding="utf-8"?><testsuites name="pytest tests"><testsuite name="pytest" errors="0" failures="0" skipped="0" tests="12" time="5.441" timestamp="2026-05-29T00:00:01.099398+00:00" hostname="agent-env-70b2024d-630c-4fcf-9fb6-1d4270be093a"><testcase classname="backend.tests.test_product_reorder" name="test_products_sorted_by_display_order" time="0.424" /><testcase classname="backend.tests.test_product_reorder" name="test_products_without_displayorder_fall_to_end" time="0.239" /><testcase classname="backend.tests.test_product_reorder" name="test_move_endpoint_requires_auth" time="0.377" /><testcase classname="backend.tests.test_product_reorder" name="test_move_invalid_product_id" time="1.559" /><testcase classname="backend.tests.test_product_reorder" name="test_move_malformed_product_id" time="0.182" /><testcase classname="backend.tests.test_product_reorder" name="test_move_invalid_direction" time="0.159" /><testcase classname="backend.tests.test_product_reorder" name="test_move_up_on_first_returns_already_at_top" time="0.408" /><testcase classname="backend.tests.test_product_reorder" name="test_move_down_on_last_returns_already_at_bottom" time="0.310" /><testcase classname="backend.tests.test_product_reorder" name="test_normalization_assigns_sequential_orders" time="0.629" /><testcase classname="backend.tests.test_product_reorder" name="test_move_down_then_up_restores_order" time="0.761" /><testcase classname="backend.tests.test_product_reorder" name="test_regression_recovery_services_endpoint" time="0.135" /><testcase classname="backend.tests.test_product_reorder" name="test_regression_categories_endpoint" time="0.112" /></testsuite></testsuites>