<?xml version="1.0" encoding="utf-8"?><testsuites name="pytest tests"><testsuite name="pytest" errors="0" failures="0" skipped="0" tests="28" time="0.766" timestamp="2026-03-03T20:56:30.254992+00:00" hostname="agent-env-950c7373-fff0-4eb1-880d-1da513883aed"><testcase classname="backend.tests.test_ar360_api.TestProductsAPI" name="test_get_all_products" time="0.005" /><testcase classname="backend.tests.test_ar360_api.TestProductsAPI" name="test_product_structure" time="0.002" /><testcase classname="backend.tests.test_ar360_api.TestProductsAPI" name="test_get_featured_products" time="0.002" /><testcase classname="backend.tests.test_ar360_api.TestProductsAPI" name="test_get_product_by_id" time="0.004" /><testcase classname="backend.tests.test_ar360_api.TestProductsAPI" name="test_get_nonexistent_product" time="0.002" /><testcase classname="backend.tests.test_ar360_api.TestCategoriesAPI" name="test_get_all_categories" time="0.002" /><testcase classname="backend.tests.test_ar360_api.TestCategoriesAPI" name="test_category_structure" time="0.002" /><testcase classname="backend.tests.test_ar360_api.TestCategoriesAPI" name="test_get_category_by_id" time="0.004" /><testcase classname="backend.tests.test_ar360_api.TestTestimonialsAPI" name="test_get_all_testimonials" time="0.002" /><testcase classname="backend.tests.test_ar360_api.TestTestimonialsAPI" name="test_testimonial_structure" time="0.002" /><testcase classname="backend.tests.test_ar360_api.TestTestimonialsAPI" name="test_get_featured_testimonials" time="0.002" /><testcase classname="backend.tests.test_ar360_api.TestDoctorsAPI" name="test_get_all_doctors" time="0.002" /><testcase classname="backend.tests.test_ar360_api.TestDoctorsAPI" name="test_doctor_excludes_password" time="0.002" /><testcase classname="backend.tests.test_ar360_api.TestDoctorsAPI" name="test_get_doctor_by_id" time="0.004" /><testcase classname="backend.tests.test_ar360_api.TestAuthAPI" name="test_get_user_unauthorized" time="0.002" /><testcase classname="backend.tests.test_ar360_api.TestAuthAPI" name="test_login_admin" time="0.080" /><testcase classname="backend.tests.test_ar360_api.TestAuthAPI" name="test_login_kevin" time="0.069" /><testcase classname="backend.tests.test_ar360_api.TestAuthAPI" name="test_login_invalid_credentials" time="0.062" /><testcase classname="backend.tests.test_ar360_api.TestAuthAPI" name="test_session_persistence" time="0.072" /><testcase classname="backend.tests.test_ar360_api.TestAuthAPI" name="test_register_new_user" time="0.076" /><testcase classname="backend.tests.test_ar360_api.TestAuthAPI" name="test_logout" time="0.082" /><testcase classname="backend.tests.test_ar360_api.TestAdminAPI" name="test_admin_users_requires_auth" time="0.003" /><testcase classname="backend.tests.test_ar360_api.TestAdminAPI" name="test_admin_users_requires_admin" time="0.067" /><testcase classname="backend.tests.test_ar360_api.TestAdminAPI" name="test_admin_users_success" time="0.070" /><testcase classname="backend.tests.test_ar360_api.TestCartAPI" name="test_cart_requires_auth" time="0.002" /><testcase classname="backend.tests.test_ar360_api.TestDiscountCodeAPI" name="test_validate_invalid_code" time="0.004" /><testcase classname="backend.tests.test_ar360_api.TestFirebaseAuth" name="test_firebase_auth_requires_token" time="0.003" /><testcase classname="backend.tests.test_ar360_api.TestFirebaseAuth" name="test_firebase_auth_invalid_token" time="0.067" /></testsuite></testsuites>