<?xml version="1.0" encoding="utf-8"?><testsuites name="pytest tests"><testsuite name="pytest" errors="0" failures="0" skipped="0" tests="32" time="6.523" timestamp="2026-03-19T20:42:12.324425+00:00" hostname="agent-env-70b2024d-630c-4fcf-9fb6-1d4270be093a"><testcase classname="backend.tests.test_ar360_fastapi.TestHealthCheck" name="test_api_health" time="0.185" /><testcase classname="backend.tests.test_ar360_fastapi.TestProductsAPI" name="test_get_all_products" time="0.065" /><testcase classname="backend.tests.test_ar360_fastapi.TestProductsAPI" name="test_product_structure" time="0.057" /><testcase classname="backend.tests.test_ar360_fastapi.TestProductsAPI" name="test_get_featured_products" time="0.056" /><testcase classname="backend.tests.test_ar360_fastapi.TestProductsAPI" name="test_get_product_by_id" time="0.102" /><testcase classname="backend.tests.test_ar360_fastapi.TestProductsAPI" name="test_get_nonexistent_product" time="0.060" /><testcase classname="backend.tests.test_ar360_fastapi.TestProductsAPI" name="test_products_visibility_filter" time="0.051" /><testcase classname="backend.tests.test_ar360_fastapi.TestCategoriesAPI" name="test_get_all_categories" time="0.088" /><testcase classname="backend.tests.test_ar360_fastapi.TestCategoriesAPI" name="test_category_structure" time="0.051" /><testcase classname="backend.tests.test_ar360_fastapi.TestCategoriesAPI" name="test_get_category_by_id" time="0.166" /><testcase classname="backend.tests.test_ar360_fastapi.TestTestimonialsAPI" name="test_get_all_testimonials" time="0.098" /><testcase classname="backend.tests.test_ar360_fastapi.TestTestimonialsAPI" name="test_testimonial_structure" time="0.100" /><testcase classname="backend.tests.test_ar360_fastapi.TestTestimonialsAPI" name="test_get_featured_testimonials" time="0.081" /><testcase classname="backend.tests.test_ar360_fastapi.TestDoctorsAPI" name="test_get_all_doctors" time="0.052" /><testcase classname="backend.tests.test_ar360_fastapi.TestDoctorsAPI" name="test_doctor_excludes_password" time="0.066" /><testcase classname="backend.tests.test_ar360_fastapi.TestDoctorsAPI" name="test_get_doctor_by_id" time="0.150" /><testcase classname="backend.tests.test_ar360_fastapi.TestAuthAPI" name="test_get_user_unauthorized" time="0.159" /><testcase classname="backend.tests.test_ar360_fastapi.TestAuthAPI" name="test_login_admin_success" time="0.270" /><testcase classname="backend.tests.test_ar360_fastapi.TestAuthAPI" name="test_login_invalid_credentials" time="0.235" /><testcase classname="backend.tests.test_ar360_fastapi.TestAuthAPI" name="test_jwt_token_authentication" time="0.388" /><testcase classname="backend.tests.test_ar360_fastapi.TestAuthAPI" name="test_register_new_user" time="0.819" /><testcase classname="backend.tests.test_ar360_fastapi.TestAuthAPI" name="test_register_duplicate_username" time="0.196" /><testcase classname="backend.tests.test_ar360_fastapi.TestAuthAPI" name="test_logout" time="0.484" /><testcase classname="backend.tests.test_ar360_fastapi.TestCartAPI" name="test_cart_requires_auth" time="0.112" /><testcase classname="backend.tests.test_ar360_fastapi.TestCartAPI" name="test_cart_access_with_auth" time="0.418" /><testcase classname="backend.tests.test_ar360_fastapi.TestCartAPI" name="test_add_to_cart_requires_membership" time="0.972" /><testcase classname="backend.tests.test_ar360_fastapi.TestCartAPI" name="test_add_to_cart_with_member" time="0.217" /><testcase classname="backend.tests.test_ar360_fastapi.TestAdminAPI" name="test_admin_users_requires_auth" time="0.155" /><testcase classname="backend.tests.test_ar360_fastapi.TestAdminAPI" name="test_admin_users_success" time="0.098" /><testcase classname="backend.tests.test_ar360_fastapi.TestDiscountCodeAPI" name="test_validate_invalid_code" time="0.051" /><testcase classname="backend.tests.test_ar360_fastapi.TestFirebaseAuth" name="test_firebase_auth_requires_valid_fields" time="0.055" /><testcase classname="backend.tests.test_ar360_fastapi.TestFirebaseAuth" name="test_firebase_auth_invalid_token" time="0.253" /></testsuite></testsuites>